INFO:     Will watch for changes in these directories: ['/home/dungspringai/hoangpn/checkin']
INFO:     Uvicorn running on http://0.0.0.0:5016 (Press CTRL+C to quit)
INFO:     Started reloader process [2750462] using StatReload
2025-05-15 09:03:37.950378: I external/local_xla/xla/tsl/cuda/cudart_stub.cc:32] Could not find cuda drivers on your machine, GPU will not be used.
2025-05-15 09:03:37.954761: I external/local_xla/xla/tsl/cuda/cudart_stub.cc:32] Could not find cuda drivers on your machine, GPU will not be used.
2025-05-15 09:03:37.967629: E external/local_xla/xla/stream_executor/cuda/cuda_fft.cc:467] Unable to register cuFFT factory: Attempting to register factory for plugin cuFFT when one has already been registered
WARNING: All log messages before absl::InitializeLog() is called are written to STDERR
E0000 00:00:1747274617.988769 2750467 cuda_dnn.cc:8579] Unable to register cuDNN factory: Attempting to register factory for plugin cuDNN when one has already been registered
E0000 00:00:1747274617.995116 2750467 cuda_blas.cc:1407] Unable to register cuBLAS factory: Attempting to register factory for plugin cuBLAS when one has already been registered
W0000 00:00:1747274618.011619 2750467 computation_placer.cc:177] computation placer already registered. Please check linkage and avoid linking the same target more than once.
W0000 00:00:1747274618.011644 2750467 computation_placer.cc:177] computation placer already registered. Please check linkage and avoid linking the same target more than once.
W0000 00:00:1747274618.011650 2750467 computation_placer.cc:177] computation placer already registered. Please check linkage and avoid linking the same target more than once.
W0000 00:00:1747274618.011654 2750467 computation_placer.cc:177] computation placer already registered. Please check linkage and avoid linking the same target more than once.
2025-05-15 09:03:38.016536: I tensorflow/core/platform/cpu_feature_guard.cc:210] This TensorFlow binary is optimized to use available CPU instructions in performance-critical operations.
To enable the following instructions: AVX2 FMA, in other operations, rebuild TensorFlow with the appropriate compiler flags.
INFO:     Started server process [2750467]
INFO:     Waiting for application startup.
INFO:     Application startup complete.
INFO:     Shutting down
INFO:     Waiting for application shutdown.
INFO:     Application shutdown complete.
INFO:     Finished server process [2750467]
INFO:     Stopping reloader process [2750462]
INFO:     Will watch for changes in these directories: ['/home/dungspringai/hoangpn/checkin']
INFO:     Uvicorn running on http://0.0.0.0:5016 (Press CTRL+C to quit)
INFO:     Started reloader process [2761875] using StatReload
2025-05-15 09:35:51.018367: I external/local_xla/xla/tsl/cuda/cudart_stub.cc:32] Could not find cuda drivers on your machine, GPU will not be used.
2025-05-15 09:35:51.022761: I external/local_xla/xla/tsl/cuda/cudart_stub.cc:32] Could not find cuda drivers on your machine, GPU will not be used.
2025-05-15 09:35:51.035763: E external/local_xla/xla/stream_executor/cuda/cuda_fft.cc:467] Unable to register cuFFT factory: Attempting to register factory for plugin cuFFT when one has already been registered
WARNING: All log messages before absl::InitializeLog() is called are written to STDERR
E0000 00:00:1747276551.057150 2761877 cuda_dnn.cc:8579] Unable to register cuDNN factory: Attempting to register factory for plugin cuDNN when one has already been registered
E0000 00:00:1747276551.063596 2761877 cuda_blas.cc:1407] Unable to register cuBLAS factory: Attempting to register factory for plugin cuBLAS when one has already been registered
W0000 00:00:1747276551.080709 2761877 computation_placer.cc:177] computation placer already registered. Please check linkage and avoid linking the same target more than once.
W0000 00:00:1747276551.080736 2761877 computation_placer.cc:177] computation placer already registered. Please check linkage and avoid linking the same target more than once.
W0000 00:00:1747276551.080758 2761877 computation_placer.cc:177] computation placer already registered. Please check linkage and avoid linking the same target more than once.
W0000 00:00:1747276551.080774 2761877 computation_placer.cc:177] computation placer already registered. Please check linkage and avoid linking the same target more than once.
2025-05-15 09:35:51.086163: I tensorflow/core/platform/cpu_feature_guard.cc:210] This TensorFlow binary is optimized to use available CPU instructions in performance-critical operations.
To enable the following instructions: AVX2 FMA, in other operations, rebuild TensorFlow with the appropriate compiler flags.
INFO:     Started server process [2761877]
INFO:     Waiting for application startup.
INFO:     Application startup complete.
Initializing Google Sheets...
Error initializing Google Sheets: Expecting ':' delimiter: line 1 column 8 (char 7)
Loaded 4 face encodings
INFO:     165.225.231.85:0 - "GET / HTTP/1.1" 200 OK
INFO:     116.98.3.103:0 - "GET / HTTP/1.1" 200 OK
INFO:     116.98.3.103:0 - "GET /favicon.ico HTTP/1.1" 404 Not Found
INFO:     116.98.3.103:0 - "GET / HTTP/1.1" 200 OK
INFO:     116.98.3.103:0 - "GET / HTTP/1.1" 200 OK
INFO:     116.98.3.103:0 - "GET / HTTP/1.1" 200 OK
INFO:     116.98.3.103:0 - "GET / HTTP/1.1" 200 OK
2025-05-15 09:51:44.897017: E external/local_xla/xla/stream_executor/cuda/cuda_platform.cc:51] failed call to cuInit: INTERNAL: CUDA error: Failed call to cuInit: CUDA_ERROR_NO_DEVICE: no CUDA-capable device is detected
2025-05-15 09:51:44.897080: I external/local_xla/xla/stream_executor/cuda/cuda_diagnostics.cc:167] env: CUDA_VISIBLE_DEVICES="-1"
2025-05-15 09:51:44.897094: I external/local_xla/xla/stream_executor/cuda/cuda_diagnostics.cc:170] CUDA_VISIBLE_DEVICES is set to -1 - this hides all GPUs from CUDA
2025-05-15 09:51:44.897104: I external/local_xla/xla/stream_executor/cuda/cuda_diagnostics.cc:178] verbose logging is disabled. Rerun with verbose logging (usually --v=1 or --vmodule=cuda_diagnostics=1) to get more diagnostic output from this module
2025-05-15 09:51:44.897114: I external/local_xla/xla/stream_executor/cuda/cuda_diagnostics.cc:183] retrieving CUDA diagnostic information for host: springaiPC
2025-05-15 09:51:44.897121: I external/local_xla/xla/stream_executor/cuda/cuda_diagnostics.cc:190] hostname: springaiPC
2025-05-15 09:51:44.897223: I external/local_xla/xla/stream_executor/cuda/cuda_diagnostics.cc:197] libcuda reported version is: 545.29.6
2025-05-15 09:51:44.897263: I external/local_xla/xla/stream_executor/cuda/cuda_diagnostics.cc:201] kernel reported version is: 545.29.6
2025-05-15 09:51:44.897271: I external/local_xla/xla/stream_executor/cuda/cuda_diagnostics.cc:291] kernel version seems to match DSO: 545.29.6
INFO:     116.98.3.103:0 - "POST /checkin HTTP/1.1" 200 OK
INFO:     116.98.3.103:0 - "GET / HTTP/1.1" 200 OK
INFO:     165.225.231.85:0 - "GET / HTTP/1.1" 200 OK
INFO:     116.98.3.103:0 - "GET / HTTP/1.1" 200 OK
INFO:     116.98.3.103:0 - "POST /checkin HTTP/1.1" 200 OK
INFO:     116.98.3.103:0 - "GET / HTTP/1.1" 200 OK
INFO:     116.98.3.103:0 - "POST /checkin HTTP/1.1" 200 OK
INFO:     116.98.3.103:0 - "GET / HTTP/1.1" 200 OK
INFO:     116.98.3.103:0 - "GET / HTTP/1.1" 200 OK
INFO:     116.98.3.103:0 - "POST /checkin HTTP/1.1" 200 OK
INFO:     116.98.3.103:0 - "GET /checkin HTTP/1.1" 200 OK
INFO:     116.98.3.103:0 - "GET / HTTP/1.1" 200 OK
INFO:     116.98.3.103:0 - "POST /checkin HTTP/1.1" 200 OK
INFO:     116.98.3.103:0 - "POST /confirm HTTP/1.1" 200 OK
INFO:     116.98.3.103:0 - "GET / HTTP/1.1" 200 OK
INFO:     116.98.3.103:0 - "GET / HTTP/1.1" 200 OK
INFO:     116.98.3.103:0 - "GET / HTTP/1.1" 200 OK
INFO:     116.98.3.103:0 - "GET / HTTP/1.1" 200 OK
INFO:     116.98.3.103:0 - "GET / HTTP/1.1" 200 OK
INFO:     116.98.3.103:0 - "GET / HTTP/1.1" 200 OK
INFO:     116.98.3.103:0 - "GET / HTTP/1.1" 200 OK
INFO:     116.98.3.103:0 - "GET / HTTP/1.1" 200 OK
INFO:     116.98.3.103:0 - "GET / HTTP/1.1" 200 OK
INFO:     116.98.3.103:0 - "GET / HTTP/1.1" 200 OK
INFO:     Will watch for changes in these directories: ['/home/dungspringai/hoangpn/checkin']
INFO:     Uvicorn running on http://0.0.0.0:5016 (Press CTRL+C to quit)
INFO:     Started reloader process [2791413] using StatReload
2025-05-15 11:15:40.288224: I external/local_xla/xla/tsl/cuda/cudart_stub.cc:32] Could not find cuda drivers on your machine, GPU will not be used.
2025-05-15 11:15:40.292655: I external/local_xla/xla/tsl/cuda/cudart_stub.cc:32] Could not find cuda drivers on your machine, GPU will not be used.
2025-05-15 11:15:40.305291: E external/local_xla/xla/stream_executor/cuda/cuda_fft.cc:467] Unable to register cuFFT factory: Attempting to register factory for plugin cuFFT when one has already been registered
WARNING: All log messages before absl::InitializeLog() is called are written to STDERR
E0000 00:00:1747282540.326031 2791415 cuda_dnn.cc:8579] Unable to register cuDNN factory: Attempting to register factory for plugin cuDNN when one has already been registered
E0000 00:00:1747282540.332438 2791415 cuda_blas.cc:1407] Unable to register cuBLAS factory: Attempting to register factory for plugin cuBLAS when one has already been registered
W0000 00:00:1747282540.349323 2791415 computation_placer.cc:177] computation placer already registered. Please check linkage and avoid linking the same target more than once.
W0000 00:00:1747282540.349347 2791415 computation_placer.cc:177] computation placer already registered. Please check linkage and avoid linking the same target more than once.
W0000 00:00:1747282540.349368 2791415 computation_placer.cc:177] computation placer already registered. Please check linkage and avoid linking the same target more than once.
W0000 00:00:1747282540.349372 2791415 computation_placer.cc:177] computation placer already registered. Please check linkage and avoid linking the same target more than once.
2025-05-15 11:15:40.354492: I tensorflow/core/platform/cpu_feature_guard.cc:210] This TensorFlow binary is optimized to use available CPU instructions in performance-critical operations.
To enable the following instructions: AVX2 FMA, in other operations, rebuild TensorFlow with the appropriate compiler flags.
INFO:     Started server process [2791415]
INFO:     Waiting for application startup.
INFO:     Application startup complete.
Initializing Google Sheets...
<Worksheet 'Sheet1' id:0>
Google Sheets connection established
Loaded 4 face encodings
INFO:     116.98.3.103:0 - "GET / HTTP/1.1" 200 OK
INFO:     116.98.3.103:0 - "GET /static/css/style.css HTTP/1.1" 304 Not Modified
INFO:     116.98.3.103:0 - "GET /favicon.ico HTTP/1.1" 404 Not Found
INFO:     27.2.88.84:0 - "GET / HTTP/1.1" 200 OK
INFO:     27.2.88.84:0 - "GET /static/css/style.css HTTP/1.1" 200 OK
INFO:     27.2.88.84:0 - "GET /static/js/camera.js HTTP/1.1" 200 OK
INFO:     27.2.88.84:0 - "GET /favicon.ico HTTP/1.1" 404 Not Found
2025-05-15 14:52:32.530367: E external/local_xla/xla/stream_executor/cuda/cuda_platform.cc:51] failed call to cuInit: INTERNAL: CUDA error: Failed call to cuInit: CUDA_ERROR_NO_DEVICE: no CUDA-capable device is detected
2025-05-15 14:52:32.530449: I external/local_xla/xla/stream_executor/cuda/cuda_diagnostics.cc:167] env: CUDA_VISIBLE_DEVICES="-1"
2025-05-15 14:52:32.530463: I external/local_xla/xla/stream_executor/cuda/cuda_diagnostics.cc:170] CUDA_VISIBLE_DEVICES is set to -1 - this hides all GPUs from CUDA
2025-05-15 14:52:32.530474: I external/local_xla/xla/stream_executor/cuda/cuda_diagnostics.cc:178] verbose logging is disabled. Rerun with verbose logging (usually --v=1 or --vmodule=cuda_diagnostics=1) to get more diagnostic output from this module
2025-05-15 14:52:32.530483: I external/local_xla/xla/stream_executor/cuda/cuda_diagnostics.cc:183] retrieving CUDA diagnostic information for host: springaiPC
2025-05-15 14:52:32.530490: I external/local_xla/xla/stream_executor/cuda/cuda_diagnostics.cc:190] hostname: springaiPC
2025-05-15 14:52:32.530593: I external/local_xla/xla/stream_executor/cuda/cuda_diagnostics.cc:197] libcuda reported version is: 545.29.6
2025-05-15 14:52:32.530637: I external/local_xla/xla/stream_executor/cuda/cuda_diagnostics.cc:201] kernel reported version is: 545.29.6
2025-05-15 14:52:32.530646: I external/local_xla/xla/stream_executor/cuda/cuda_diagnostics.cc:291] kernel version seems to match DSO: 545.29.6
INFO:     27.2.88.84:0 - "POST /checkin HTTP/1.1" 200 OK
INFO:     27.2.88.84:0 - "GET / HTTP/1.1" 200 OK
INFO:     27.2.88.84:0 - "GET / HTTP/1.1" 200 OK
INFO:     27.2.88.84:0 - "POST /checkin HTTP/1.1" 200 OK
INFO:     27.2.88.84:0 - "GET / HTTP/1.1" 200 OK
INFO:     27.2.88.84:0 - "GET / HTTP/1.1" 200 OK
INFO:     27.2.88.84:0 - "GET /static/js/camera.js HTTP/1.1" 304 Not Modified
INFO:     27.2.88.84:0 - "GET /static/css/style.css HTTP/1.1" 304 Not Modified
INFO:     118.69.63.202:0 - "GET / HTTP/1.1" 200 OK
INFO:     118.69.63.202:0 - "GET /static/css/style.css HTTP/1.1" 200 OK
INFO:     118.69.63.202:0 - "GET /static/js/camera.js HTTP/1.1" 200 OK
INFO:     118.69.63.202:0 - "POST /checkin HTTP/1.1" 200 OK
INFO:     118.69.63.202:0 - "GET /favicon.ico HTTP/1.1" 404 Not Found
INFO:     118.69.63.202:0 - "GET /checkin HTTP/1.1" 200 OK
INFO:     116.98.3.103:0 - "GET / HTTP/1.1" 200 OK
INFO:     116.98.3.103:0 - "GET /static/css/style.css HTTP/1.1" 304 Not Modified
INFO:     116.98.3.103:0 - "GET /static/js/camera.js HTTP/1.1" 304 Not Modified
INFO:     116.98.3.103:0 - "GET /favicon.ico HTTP/1.1" 404 Not Found
INFO:     118.69.63.202:0 - "GET / HTTP/1.1" 200 OK
INFO:     118.69.63.202:0 - "POST /checkin HTTP/1.1" 200 OK
Added check-in record for Trương Trường ThànhThành to Google Sheets
INFO:     118.69.63.202:0 - "POST /confirm HTTP/1.1" 200 OK
INFO:     116.98.3.103:0 - "GET / HTTP/1.1" 200 OK
INFO:     116.98.3.103:0 - "POST /checkin HTTP/1.1" 200 OK
INFO:     116.98.3.103:0 - "GET /checkin HTTP/1.1" 200 OK
INFO:     116.98.3.103:0 - "GET / HTTP/1.1" 200 OK
WARNING:  StatReload detected changes in 'app/google_sheets.py'. Reloading...
INFO:     Shutting down
INFO:     Waiting for application shutdown.
INFO:     Application shutdown complete.
INFO:     Finished server process [2791415]
2025-05-17 08:53:00.957884: I external/local_xla/xla/tsl/cuda/cudart_stub.cc:32] Could not find cuda drivers on your machine, GPU will not be used.
2025-05-17 08:53:00.962403: I external/local_xla/xla/tsl/cuda/cudart_stub.cc:32] Could not find cuda drivers on your machine, GPU will not be used.
2025-05-17 08:53:00.974898: E external/local_xla/xla/stream_executor/cuda/cuda_fft.cc:467] Unable to register cuFFT factory: Attempting to register factory for plugin cuFFT when one has already been registered
WARNING: All log messages before absl::InitializeLog() is called are written to STDERR
E0000 00:00:1747446780.995411 3471109 cuda_dnn.cc:8579] Unable to register cuDNN factory: Attempting to register factory for plugin cuDNN when one has already been registered
E0000 00:00:1747446781.001589 3471109 cuda_blas.cc:1407] Unable to register cuBLAS factory: Attempting to register factory for plugin cuBLAS when one has already been registered
W0000 00:00:1747446781.018430 3471109 computation_placer.cc:177] computation placer already registered. Please check linkage and avoid linking the same target more than once.
W0000 00:00:1747446781.018453 3471109 computation_placer.cc:177] computation placer already registered. Please check linkage and avoid linking the same target more than once.
W0000 00:00:1747446781.018459 3471109 computation_placer.cc:177] computation placer already registered. Please check linkage and avoid linking the same target more than once.
W0000 00:00:1747446781.018462 3471109 computation_placer.cc:177] computation placer already registered. Please check linkage and avoid linking the same target more than once.
2025-05-17 08:53:01.023405: I tensorflow/core/platform/cpu_feature_guard.cc:210] This TensorFlow binary is optimized to use available CPU instructions in performance-critical operations.
To enable the following instructions: AVX2 FMA, in other operations, rebuild TensorFlow with the appropriate compiler flags.
INFO:     Started server process [3471109]
INFO:     Waiting for application startup.
INFO:     Application startup complete.
WARNING:  StatReload detected changes in 'app/save_image.py'. Reloading...
INFO:     Shutting down
INFO:     Waiting for application shutdown.
INFO:     Application shutdown complete.
INFO:     Finished server process [3471109]
2025-05-17 08:53:30.476662: I external/local_xla/xla/tsl/cuda/cudart_stub.cc:32] Could not find cuda drivers on your machine, GPU will not be used.
2025-05-17 08:53:30.481138: I external/local_xla/xla/tsl/cuda/cudart_stub.cc:32] Could not find cuda drivers on your machine, GPU will not be used.
2025-05-17 08:53:30.493730: E external/local_xla/xla/stream_executor/cuda/cuda_fft.cc:467] Unable to register cuFFT factory: Attempting to register factory for plugin cuFFT when one has already been registered
WARNING: All log messages before absl::InitializeLog() is called are written to STDERR
E0000 00:00:1747446810.514284 3471225 cuda_dnn.cc:8579] Unable to register cuDNN factory: Attempting to register factory for plugin cuDNN when one has already been registered
E0000 00:00:1747446810.520486 3471225 cuda_blas.cc:1407] Unable to register cuBLAS factory: Attempting to register factory for plugin cuBLAS when one has already been registered
W0000 00:00:1747446810.537164 3471225 computation_placer.cc:177] computation placer already registered. Please check linkage and avoid linking the same target more than once.
W0000 00:00:1747446810.537188 3471225 computation_placer.cc:177] computation placer already registered. Please check linkage and avoid linking the same target more than once.
W0000 00:00:1747446810.537193 3471225 computation_placer.cc:177] computation placer already registered. Please check linkage and avoid linking the same target more than once.
W0000 00:00:1747446810.537197 3471225 computation_placer.cc:177] computation placer already registered. Please check linkage and avoid linking the same target more than once.
2025-05-17 08:53:30.542268: I tensorflow/core/platform/cpu_feature_guard.cc:210] This TensorFlow binary is optimized to use available CPU instructions in performance-critical operations.
To enable the following instructions: AVX2 FMA, in other operations, rebuild TensorFlow with the appropriate compiler flags.
INFO:     Started server process [3471225]
INFO:     Waiting for application startup.
INFO:     Application startup complete.
WARNING:  StatReload detected changes in 'app/save_image.py'. Reloading...
INFO:     Shutting down
INFO:     Waiting for application shutdown.
INFO:     Application shutdown complete.
INFO:     Finished server process [3471225]
2025-05-17 08:58:00.957786: I external/local_xla/xla/tsl/cuda/cudart_stub.cc:32] Could not find cuda drivers on your machine, GPU will not be used.
2025-05-17 08:58:00.962189: I external/local_xla/xla/tsl/cuda/cudart_stub.cc:32] Could not find cuda drivers on your machine, GPU will not be used.
2025-05-17 08:58:00.974593: E external/local_xla/xla/stream_executor/cuda/cuda_fft.cc:467] Unable to register cuFFT factory: Attempting to register factory for plugin cuFFT when one has already been registered
WARNING: All log messages before absl::InitializeLog() is called are written to STDERR
E0000 00:00:1747447080.995011 3472841 cuda_dnn.cc:8579] Unable to register cuDNN factory: Attempting to register factory for plugin cuDNN when one has already been registered
E0000 00:00:1747447081.001218 3472841 cuda_blas.cc:1407] Unable to register cuBLAS factory: Attempting to register factory for plugin cuBLAS when one has already been registered
W0000 00:00:1747447081.017561 3472841 computation_placer.cc:177] computation placer already registered. Please check linkage and avoid linking the same target more than once.
W0000 00:00:1747447081.017585 3472841 computation_placer.cc:177] computation placer already registered. Please check linkage and avoid linking the same target more than once.
W0000 00:00:1747447081.017590 3472841 computation_placer.cc:177] computation placer already registered. Please check linkage and avoid linking the same target more than once.
W0000 00:00:1747447081.017594 3472841 computation_placer.cc:177] computation placer already registered. Please check linkage and avoid linking the same target more than once.
2025-05-17 08:58:01.022422: I tensorflow/core/platform/cpu_feature_guard.cc:210] This TensorFlow binary is optimized to use available CPU instructions in performance-critical operations.
To enable the following instructions: AVX2 FMA, in other operations, rebuild TensorFlow with the appropriate compiler flags.
INFO:     Started server process [3472841]
INFO:     Waiting for application startup.
INFO:     Application startup complete.
WARNING:  StatReload detected changes in 'app/main.py'. Reloading...
INFO:     Shutting down
INFO:     Waiting for application shutdown.
INFO:     Application shutdown complete.
INFO:     Finished server process [3472841]
2025-05-17 09:14:30.518332: I external/local_xla/xla/tsl/cuda/cudart_stub.cc:32] Could not find cuda drivers on your machine, GPU will not be used.
2025-05-17 09:14:30.522697: I external/local_xla/xla/tsl/cuda/cudart_stub.cc:32] Could not find cuda drivers on your machine, GPU will not be used.
2025-05-17 09:14:30.535114: E external/local_xla/xla/stream_executor/cuda/cuda_fft.cc:467] Unable to register cuFFT factory: Attempting to register factory for plugin cuFFT when one has already been registered
WARNING: All log messages before absl::InitializeLog() is called are written to STDERR
E0000 00:00:1747448070.555693 3477463 cuda_dnn.cc:8579] Unable to register cuDNN factory: Attempting to register factory for plugin cuDNN when one has already been registered
E0000 00:00:1747448070.561910 3477463 cuda_blas.cc:1407] Unable to register cuBLAS factory: Attempting to register factory for plugin cuBLAS when one has already been registered
W0000 00:00:1747448070.578453 3477463 computation_placer.cc:177] computation placer already registered. Please check linkage and avoid linking the same target more than once.
W0000 00:00:1747448070.578478 3477463 computation_placer.cc:177] computation placer already registered. Please check linkage and avoid linking the same target more than once.
W0000 00:00:1747448070.578483 3477463 computation_placer.cc:177] computation placer already registered. Please check linkage and avoid linking the same target more than once.
W0000 00:00:1747448070.578486 3477463 computation_placer.cc:177] computation placer already registered. Please check linkage and avoid linking the same target more than once.
2025-05-17 09:14:30.583381: I tensorflow/core/platform/cpu_feature_guard.cc:210] This TensorFlow binary is optimized to use available CPU instructions in performance-critical operations.
To enable the following instructions: AVX2 FMA, in other operations, rebuild TensorFlow with the appropriate compiler flags.
INFO:     Started server process [3477463]
INFO:     Waiting for application startup.
INFO:     Application startup complete.
WARNING:  StatReload detected changes in 'app/main.py'. Reloading...
INFO:     Shutting down
INFO:     Waiting for application shutdown.
INFO:     Application shutdown complete.
INFO:     Finished server process [3477463]
2025-05-17 09:14:38.343038: I external/local_xla/xla/tsl/cuda/cudart_stub.cc:32] Could not find cuda drivers on your machine, GPU will not be used.
2025-05-17 09:14:38.347417: I external/local_xla/xla/tsl/cuda/cudart_stub.cc:32] Could not find cuda drivers on your machine, GPU will not be used.
2025-05-17 09:14:38.359896: E external/local_xla/xla/stream_executor/cuda/cuda_fft.cc:467] Unable to register cuFFT factory: Attempting to register factory for plugin cuFFT when one has already been registered
WARNING: All log messages before absl::InitializeLog() is called are written to STDERR
E0000 00:00:1747448078.380673 3477542 cuda_dnn.cc:8579] Unable to register cuDNN factory: Attempting to register factory for plugin cuDNN when one has already been registered
E0000 00:00:1747448078.386911 3477542 cuda_blas.cc:1407] Unable to register cuBLAS factory: Attempting to register factory for plugin cuBLAS when one has already been registered
W0000 00:00:1747448078.403781 3477542 computation_placer.cc:177] computation placer already registered. Please check linkage and avoid linking the same target more than once.
W0000 00:00:1747448078.403820 3477542 computation_placer.cc:177] computation placer already registered. Please check linkage and avoid linking the same target more than once.
W0000 00:00:1747448078.403826 3477542 computation_placer.cc:177] computation placer already registered. Please check linkage and avoid linking the same target more than once.
W0000 00:00:1747448078.403830 3477542 computation_placer.cc:177] computation placer already registered. Please check linkage and avoid linking the same target more than once.
2025-05-17 09:14:38.408838: I tensorflow/core/platform/cpu_feature_guard.cc:210] This TensorFlow binary is optimized to use available CPU instructions in performance-critical operations.
To enable the following instructions: AVX2 FMA, in other operations, rebuild TensorFlow with the appropriate compiler flags.
INFO:     Started server process [3477542]
INFO:     Waiting for application startup.
INFO:     Application startup complete.
WARNING:  StatReload detected changes in 'app/main.py'. Reloading...
INFO:     Shutting down
INFO:     Waiting for application shutdown.
INFO:     Application shutdown complete.
INFO:     Finished server process [3477542]
2025-05-17 09:15:04.182934: I external/local_xla/xla/tsl/cuda/cudart_stub.cc:32] Could not find cuda drivers on your machine, GPU will not be used.
2025-05-17 09:15:04.187264: I external/local_xla/xla/tsl/cuda/cudart_stub.cc:32] Could not find cuda drivers on your machine, GPU will not be used.
2025-05-17 09:15:04.199779: E external/local_xla/xla/stream_executor/cuda/cuda_fft.cc:467] Unable to register cuFFT factory: Attempting to register factory for plugin cuFFT when one has already been registered
WARNING: All log messages before absl::InitializeLog() is called are written to STDERR
E0000 00:00:1747448104.220508 3477868 cuda_dnn.cc:8579] Unable to register cuDNN factory: Attempting to register factory for plugin cuDNN when one has already been registered
E0000 00:00:1747448104.226775 3477868 cuda_blas.cc:1407] Unable to register cuBLAS factory: Attempting to register factory for plugin cuBLAS when one has already been registered
W0000 00:00:1747448104.243188 3477868 computation_placer.cc:177] computation placer already registered. Please check linkage and avoid linking the same target more than once.
W0000 00:00:1747448104.243212 3477868 computation_placer.cc:177] computation placer already registered. Please check linkage and avoid linking the same target more than once.
W0000 00:00:1747448104.243217 3477868 computation_placer.cc:177] computation placer already registered. Please check linkage and avoid linking the same target more than once.
W0000 00:00:1747448104.243220 3477868 computation_placer.cc:177] computation placer already registered. Please check linkage and avoid linking the same target more than once.
2025-05-17 09:15:04.248116: I tensorflow/core/platform/cpu_feature_guard.cc:210] This TensorFlow binary is optimized to use available CPU instructions in performance-critical operations.
To enable the following instructions: AVX2 FMA, in other operations, rebuild TensorFlow with the appropriate compiler flags.
INFO:     Started server process [3477868]
INFO:     Waiting for application startup.
INFO:     Application startup complete.
WARNING:  StatReload detected changes in 'app/main.py'. Reloading...
INFO:     Shutting down
INFO:     Waiting for application shutdown.
INFO:     Application shutdown complete.
INFO:     Finished server process [3477868]
2025-05-17 09:16:12.660319: I external/local_xla/xla/tsl/cuda/cudart_stub.cc:32] Could not find cuda drivers on your machine, GPU will not be used.
2025-05-17 09:16:12.664755: I external/local_xla/xla/tsl/cuda/cudart_stub.cc:32] Could not find cuda drivers on your machine, GPU will not be used.
2025-05-17 09:16:12.677417: E external/local_xla/xla/stream_executor/cuda/cuda_fft.cc:467] Unable to register cuFFT factory: Attempting to register factory for plugin cuFFT when one has already been registered
WARNING: All log messages before absl::InitializeLog() is called are written to STDERR
E0000 00:00:1747448172.698340 3478255 cuda_dnn.cc:8579] Unable to register cuDNN factory: Attempting to register factory for plugin cuDNN when one has already been registered
E0000 00:00:1747448172.704685 3478255 cuda_blas.cc:1407] Unable to register cuBLAS factory: Attempting to register factory for plugin cuBLAS when one has already been registered
W0000 00:00:1747448172.721227 3478255 computation_placer.cc:177] computation placer already registered. Please check linkage and avoid linking the same target more than once.
W0000 00:00:1747448172.721251 3478255 computation_placer.cc:177] computation placer already registered. Please check linkage and avoid linking the same target more than once.
W0000 00:00:1747448172.721256 3478255 computation_placer.cc:177] computation placer already registered. Please check linkage and avoid linking the same target more than once.
W0000 00:00:1747448172.721259 3478255 computation_placer.cc:177] computation placer already registered. Please check linkage and avoid linking the same target more than once.
2025-05-17 09:16:12.726219: I tensorflow/core/platform/cpu_feature_guard.cc:210] This TensorFlow binary is optimized to use available CPU instructions in performance-critical operations.
To enable the following instructions: AVX2 FMA, in other operations, rebuild TensorFlow with the appropriate compiler flags.
INFO:     Started server process [3478255]
INFO:     Waiting for application startup.
INFO:     Application startup complete.
WARNING:  StatReload detected changes in 'app/main.py'. Reloading...
INFO:     Shutting down
INFO:     Waiting for application shutdown.
INFO:     Application shutdown complete.
INFO:     Finished server process [3478255]
2025-05-17 09:23:48.390762: I external/local_xla/xla/tsl/cuda/cudart_stub.cc:32] Could not find cuda drivers on your machine, GPU will not be used.
2025-05-17 09:23:48.395287: I external/local_xla/xla/tsl/cuda/cudart_stub.cc:32] Could not find cuda drivers on your machine, GPU will not be used.
2025-05-17 09:23:48.408027: E external/local_xla/xla/stream_executor/cuda/cuda_fft.cc:467] Unable to register cuFFT factory: Attempting to register factory for plugin cuFFT when one has already been registered
WARNING: All log messages before absl::InitializeLog() is called are written to STDERR
E0000 00:00:1747448628.428751 3480433 cuda_dnn.cc:8579] Unable to register cuDNN factory: Attempting to register factory for plugin cuDNN when one has already been registered
E0000 00:00:1747448628.435020 3480433 cuda_blas.cc:1407] Unable to register cuBLAS factory: Attempting to register factory for plugin cuBLAS when one has already been registered
W0000 00:00:1747448628.451755 3480433 computation_placer.cc:177] computation placer already registered. Please check linkage and avoid linking the same target more than once.
W0000 00:00:1747448628.451781 3480433 computation_placer.cc:177] computation placer already registered. Please check linkage and avoid linking the same target more than once.
W0000 00:00:1747448628.451786 3480433 computation_placer.cc:177] computation placer already registered. Please check linkage and avoid linking the same target more than once.
W0000 00:00:1747448628.451789 3480433 computation_placer.cc:177] computation placer already registered. Please check linkage and avoid linking the same target more than once.
2025-05-17 09:23:48.456900: I tensorflow/core/platform/cpu_feature_guard.cc:210] This TensorFlow binary is optimized to use available CPU instructions in performance-critical operations.
To enable the following instructions: AVX2 FMA, in other operations, rebuild TensorFlow with the appropriate compiler flags.
INFO:     Started server process [3480433]
INFO:     Waiting for application startup.
INFO:     Application startup complete.
INFO:     Will watch for changes in these directories: ['/home/dungspringai/hoangpn/checkin']
INFO:     Uvicorn running on http://0.0.0.0:5016 (Press CTRL+C to quit)
INFO:     Started reloader process [3480848] using WatchFiles
2025-05-17 09:24:24.234647: E external/local_xla/xla/stream_executor/cuda/cuda_fft.cc:467] Unable to register cuFFT factory: Attempting to register factory for plugin cuFFT when one has already been registered
WARNING: All log messages before absl::InitializeLog() is called are written to STDERR
E0000 00:00:1747448664.255732 3480850 cuda_dnn.cc:8579] Unable to register cuDNN factory: Attempting to register factory for plugin cuDNN when one has already been registered
E0000 00:00:1747448664.262283 3480850 cuda_blas.cc:1407] Unable to register cuBLAS factory: Attempting to register factory for plugin cuBLAS when one has already been registered
W0000 00:00:1747448664.278958 3480850 computation_placer.cc:177] computation placer already registered. Please check linkage and avoid linking the same target more than once.
W0000 00:00:1747448664.278984 3480850 computation_placer.cc:177] computation placer already registered. Please check linkage and avoid linking the same target more than once.
W0000 00:00:1747448664.278989 3480850 computation_placer.cc:177] computation placer already registered. Please check linkage and avoid linking the same target more than once.
W0000 00:00:1747448664.278993 3480850 computation_placer.cc:177] computation placer already registered. Please check linkage and avoid linking the same target more than once.
2025-05-17 09:24:24.283895: I tensorflow/core/platform/cpu_feature_guard.cc:210] This TensorFlow binary is optimized to use available CPU instructions in performance-critical operations.
To enable the following instructions: AVX2 FMA, in other operations, rebuild TensorFlow with the appropriate compiler flags.
Process SpawnProcess-1:
Traceback (most recent call last):
  File "/home/dungspringai/miniconda3/lib/python3.11/multiprocessing/process.py", line 314, in _bootstrap
    self.run()
  File "/home/dungspringai/miniconda3/lib/python3.11/multiprocessing/process.py", line 108, in run
    self._target(*self._args, **self._kwargs)
  File "/home/dungspringai/miniconda3/lib/python3.11/site-packages/uvicorn/_subprocess.py", line 76, in subprocess_started
    target(sockets=sockets)
  File "/home/dungspringai/miniconda3/lib/python3.11/site-packages/uvicorn/server.py", line 61, in run
    return asyncio.run(self.serve(sockets=sockets))
           ^^^^^^^^^^^^^^^^^^^^^^^^^^^^^^^^^^^^^^^^
  File "/home/dungspringai/miniconda3/lib/python3.11/asyncio/runners.py", line 190, in run
    return runner.run(main)
           ^^^^^^^^^^^^^^^^
  File "/home/dungspringai/miniconda3/lib/python3.11/asyncio/runners.py", line 118, in run
    return self._loop.run_until_complete(task)
           ^^^^^^^^^^^^^^^^^^^^^^^^^^^^^^^^^^^
  File "uvloop/loop.pyx", line 1517, in uvloop.loop.Loop.run_until_complete
  File "/home/dungspringai/miniconda3/lib/python3.11/site-packages/uvicorn/server.py", line 68, in serve
    config.load()
  File "/home/dungspringai/miniconda3/lib/python3.11/site-packages/uvicorn/config.py", line 467, in load
    self.loaded_app = import_from_string(self.app)
                      ^^^^^^^^^^^^^^^^^^^^^^^^^^^^
  File "/home/dungspringai/miniconda3/lib/python3.11/site-packages/uvicorn/importer.py", line 24, in import_from_string
    raise exc from None
  File "/home/dungspringai/miniconda3/lib/python3.11/site-packages/uvicorn/importer.py", line 21, in import_from_string
    module = importlib.import_module(module_str)
             ^^^^^^^^^^^^^^^^^^^^^^^^^^^^^^^^^^^
  File "/home/dungspringai/miniconda3/lib/python3.11/importlib/__init__.py", line 126, in import_module
    return _bootstrap._gcd_import(name[level:], package, level)
           ^^^^^^^^^^^^^^^^^^^^^^^^^^^^^^^^^^^^^^^^^^^^^^^^^^^^
  File "<frozen importlib._bootstrap>", line 1204, in _gcd_import
  File "<frozen importlib._bootstrap>", line 1176, in _find_and_load
  File "<frozen importlib._bootstrap>", line 1147, in _find_and_load_unlocked
  File "<frozen importlib._bootstrap>", line 690, in _load_unlocked
  File "<frozen importlib._bootstrap_external>", line 940, in exec_module
  File "<frozen importlib._bootstrap>", line 241, in _call_with_frames_removed
  File "/home/dungspringai/hoangpn/checkin/app/main.py", line 12, in <module>
    from . import database, face_utils, google_sheets, save_image
  File "/home/dungspringai/hoangpn/checkin/app/google_sheets.py", line 2, in <module>
    import gspread
ModuleNotFoundError: No module named 'gspread'
INFO:     Stopping reloader process [3480848]
INFO:     Will watch for changes in these directories: ['/home/dungspringai/hoangpn/checkin']
INFO:     Uvicorn running on http://0.0.0.0:5016 (Press CTRL+C to quit)
INFO:     Started reloader process [3481082] using StatReload
2025-05-17 09:24:37.966092: I external/local_xla/xla/tsl/cuda/cudart_stub.cc:32] Could not find cuda drivers on your machine, GPU will not be used.
2025-05-17 09:24:37.970749: I external/local_xla/xla/tsl/cuda/cudart_stub.cc:32] Could not find cuda drivers on your machine, GPU will not be used.
2025-05-17 09:24:37.983315: E external/local_xla/xla/stream_executor/cuda/cuda_fft.cc:467] Unable to register cuFFT factory: Attempting to register factory for plugin cuFFT when one has already been registered
WARNING: All log messages before absl::InitializeLog() is called are written to STDERR
E0000 00:00:1747448678.003805 3481084 cuda_dnn.cc:8579] Unable to register cuDNN factory: Attempting to register factory for plugin cuDNN when one has already been registered
E0000 00:00:1747448678.010072 3481084 cuda_blas.cc:1407] Unable to register cuBLAS factory: Attempting to register factory for plugin cuBLAS when one has already been registered
W0000 00:00:1747448678.026670 3481084 computation_placer.cc:177] computation placer already registered. Please check linkage and avoid linking the same target more than once.
W0000 00:00:1747448678.026696 3481084 computation_placer.cc:177] computation placer already registered. Please check linkage and avoid linking the same target more than once.
W0000 00:00:1747448678.026701 3481084 computation_placer.cc:177] computation placer already registered. Please check linkage and avoid linking the same target more than once.
W0000 00:00:1747448678.026705 3481084 computation_placer.cc:177] computation placer already registered. Please check linkage and avoid linking the same target more than once.
2025-05-17 09:24:38.031786: I tensorflow/core/platform/cpu_feature_guard.cc:210] This TensorFlow binary is optimized to use available CPU instructions in performance-critical operations.
To enable the following instructions: AVX2 FMA, in other operations, rebuild TensorFlow with the appropriate compiler flags.
INFO:     Started server process [3481084]
INFO:     Waiting for application startup.
INFO:     Application startup complete.
Initializing Google Sheets...
<Worksheet 'Sheet1' id:0>
Google Sheets connection established
Loaded 4 face encodings
INFO:     165.225.231.85:0 - "GET / HTTP/1.1" 200 OK
INFO:     165.225.231.85:0 - "GET /static/js/camera.js HTTP/1.1" 200 OK
INFO:     165.225.231.85:0 - "GET /static/css/style.css HTTP/1.1" 200 OK
2025-05-17 09:25:06.777984: E external/local_xla/xla/stream_executor/cuda/cuda_platform.cc:51] failed call to cuInit: INTERNAL: CUDA error: Failed call to cuInit: CUDA_ERROR_NO_DEVICE: no CUDA-capable device is detected
2025-05-17 09:25:06.778055: I external/local_xla/xla/stream_executor/cuda/cuda_diagnostics.cc:167] env: CUDA_VISIBLE_DEVICES="-1"
2025-05-17 09:25:06.778071: I external/local_xla/xla/stream_executor/cuda/cuda_diagnostics.cc:170] CUDA_VISIBLE_DEVICES is set to -1 - this hides all GPUs from CUDA
2025-05-17 09:25:06.778083: I external/local_xla/xla/stream_executor/cuda/cuda_diagnostics.cc:178] verbose logging is disabled. Rerun with verbose logging (usually --v=1 or --vmodule=cuda_diagnostics=1) to get more diagnostic output from this module
2025-05-17 09:25:06.778093: I external/local_xla/xla/stream_executor/cuda/cuda_diagnostics.cc:183] retrieving CUDA diagnostic information for host: springaiPC
2025-05-17 09:25:06.778102: I external/local_xla/xla/stream_executor/cuda/cuda_diagnostics.cc:190] hostname: springaiPC
2025-05-17 09:25:06.778209: I external/local_xla/xla/stream_executor/cuda/cuda_diagnostics.cc:197] libcuda reported version is: 545.29.6
2025-05-17 09:25:06.778265: I external/local_xla/xla/stream_executor/cuda/cuda_diagnostics.cc:201] kernel reported version is: 545.29.6
2025-05-17 09:25:06.778276: I external/local_xla/xla/stream_executor/cuda/cuda_diagnostics.cc:291] kernel version seems to match DSO: 545.29.6
INFO:     165.225.231.85:0 - "POST /checkin HTTP/1.1" 200 OK
WARNING:  StatReload detected changes in 'app/main.py'. Reloading...
INFO:     Shutting down
INFO:     Waiting for application shutdown.
INFO:     Application shutdown complete.
INFO:     Finished server process [3481084]
2025-05-17 09:25:39.036256: I external/local_xla/xla/tsl/cuda/cudart_stub.cc:32] Could not find cuda drivers on your machine, GPU will not be used.
2025-05-17 09:25:39.040381: I external/local_xla/xla/tsl/cuda/cudart_stub.cc:32] Could not find cuda drivers on your machine, GPU will not be used.
2025-05-17 09:25:39.052842: E external/local_xla/xla/stream_executor/cuda/cuda_fft.cc:467] Unable to register cuFFT factory: Attempting to register factory for plugin cuFFT when one has already been registered
WARNING: All log messages before absl::InitializeLog() is called are written to STDERR
E0000 00:00:1747448739.073736 3481689 cuda_dnn.cc:8579] Unable to register cuDNN factory: Attempting to register factory for plugin cuDNN when one has already been registered
E0000 00:00:1747448739.080339 3481689 cuda_blas.cc:1407] Unable to register cuBLAS factory: Attempting to register factory for plugin cuBLAS when one has already been registered
W0000 00:00:1747448739.097464 3481689 computation_placer.cc:177] computation placer already registered. Please check linkage and avoid linking the same target more than once.
W0000 00:00:1747448739.097488 3481689 computation_placer.cc:177] computation placer already registered. Please check linkage and avoid linking the same target more than once.
W0000 00:00:1747448739.097509 3481689 computation_placer.cc:177] computation placer already registered. Please check linkage and avoid linking the same target more than once.
W0000 00:00:1747448739.097514 3481689 computation_placer.cc:177] computation placer already registered. Please check linkage and avoid linking the same target more than once.
2025-05-17 09:25:39.102815: I tensorflow/core/platform/cpu_feature_guard.cc:210] This TensorFlow binary is optimized to use available CPU instructions in performance-critical operations.
To enable the following instructions: AVX2 FMA, in other operations, rebuild TensorFlow with the appropriate compiler flags.
INFO:     Started server process [3481689]
INFO:     Waiting for application startup.
INFO:     Application startup complete.
2025-05-17 09:25:56.363060: E external/local_xla/xla/stream_executor/cuda/cuda_platform.cc:51] failed call to cuInit: INTERNAL: CUDA error: Failed call to cuInit: CUDA_ERROR_NO_DEVICE: no CUDA-capable device is detected
2025-05-17 09:25:56.363128: I external/local_xla/xla/stream_executor/cuda/cuda_diagnostics.cc:167] env: CUDA_VISIBLE_DEVICES="-1"
2025-05-17 09:25:56.363144: I external/local_xla/xla/stream_executor/cuda/cuda_diagnostics.cc:170] CUDA_VISIBLE_DEVICES is set to -1 - this hides all GPUs from CUDA
2025-05-17 09:25:56.363156: I external/local_xla/xla/stream_executor/cuda/cuda_diagnostics.cc:178] verbose logging is disabled. Rerun with verbose logging (usually --v=1 or --vmodule=cuda_diagnostics=1) to get more diagnostic output from this module
2025-05-17 09:25:56.363166: I external/local_xla/xla/stream_executor/cuda/cuda_diagnostics.cc:183] retrieving CUDA diagnostic information for host: springaiPC
2025-05-17 09:25:56.363175: I external/local_xla/xla/stream_executor/cuda/cuda_diagnostics.cc:190] hostname: springaiPC
2025-05-17 09:25:56.363298: I external/local_xla/xla/stream_executor/cuda/cuda_diagnostics.cc:197] libcuda reported version is: 545.29.6
2025-05-17 09:25:56.363353: I external/local_xla/xla/stream_executor/cuda/cuda_diagnostics.cc:201] kernel reported version is: 545.29.6
2025-05-17 09:25:56.363363: I external/local_xla/xla/stream_executor/cuda/cuda_diagnostics.cc:291] kernel version seems to match DSO: 545.29.6
INFO:     Shutting down
Initializing Google Sheets...
<Worksheet 'Sheet1' id:0>
Google Sheets connection established
Loaded 4 face encodings
INFO:     165.225.231.85:0 - "POST /checkin HTTP/1.1" 200 OK
INFO:     Finished server process [3481689]
ERROR:    Traceback (most recent call last):
  File "/home/dungspringai/miniconda3/envs/checkin/lib/python3.10/asyncio/runners.py", line 44, in run
    return loop.run_until_complete(main)
  File "/home/dungspringai/miniconda3/envs/checkin/lib/python3.10/asyncio/base_events.py", line 636, in run_until_complete
    self.run_forever()
  File "/home/dungspringai/miniconda3/envs/checkin/lib/python3.10/asyncio/base_events.py", line 603, in run_forever
    self._run_once()
  File "/home/dungspringai/miniconda3/envs/checkin/lib/python3.10/asyncio/base_events.py", line 1909, in _run_once
    handle._run()
  File "/home/dungspringai/miniconda3/envs/checkin/lib/python3.10/asyncio/events.py", line 80, in _run
    self._context.run(self._callback, *self._args)
  File "/home/dungspringai/miniconda3/envs/checkin/lib/python3.10/site-packages/uvicorn/server.py", line 69, in serve
    with self.capture_signals():
  File "/home/dungspringai/miniconda3/envs/checkin/lib/python3.10/contextlib.py", line 142, in __exit__
    next(self.gen)
  File "/home/dungspringai/miniconda3/envs/checkin/lib/python3.10/site-packages/uvicorn/server.py", line 330, in capture_signals
    signal.raise_signal(captured_signal)
KeyboardInterrupt

During handling of the above exception, another exception occurred:

Traceback (most recent call last):
  File "/home/dungspringai/miniconda3/envs/checkin/lib/python3.10/site-packages/starlette/routing.py", line 699, in lifespan
    await receive()
  File "/home/dungspringai/miniconda3/envs/checkin/lib/python3.10/site-packages/uvicorn/lifespan/on.py", line 137, in receive
    return await self.receive_queue.get()
  File "/home/dungspringai/miniconda3/envs/checkin/lib/python3.10/asyncio/queues.py", line 159, in get
    await getter
asyncio.exceptions.CancelledError

INFO:     Stopping reloader process [3481082]
INFO:     Will watch for changes in these directories: ['/home/dungspringai/hoangpn/checkin']
INFO:     Uvicorn running on http://0.0.0.0:5016 (Press CTRL+C to quit)
INFO:     Started reloader process [3482254] using StatReload
2025-05-17 09:26:09.070468: I external/local_xla/xla/tsl/cuda/cudart_stub.cc:32] Could not find cuda drivers on your machine, GPU will not be used.
2025-05-17 09:26:09.074572: I external/local_xla/xla/tsl/cuda/cudart_stub.cc:32] Could not find cuda drivers on your machine, GPU will not be used.
2025-05-17 09:26:09.086454: E external/local_xla/xla/stream_executor/cuda/cuda_fft.cc:467] Unable to register cuFFT factory: Attempting to register factory for plugin cuFFT when one has already been registered
WARNING: All log messages before absl::InitializeLog() is called are written to STDERR
E0000 00:00:1747448769.106748 3482256 cuda_dnn.cc:8579] Unable to register cuDNN factory: Attempting to register factory for plugin cuDNN when one has already been registered
E0000 00:00:1747448769.113176 3482256 cuda_blas.cc:1407] Unable to register cuBLAS factory: Attempting to register factory for plugin cuBLAS when one has already been registered
W0000 00:00:1747448769.129534 3482256 computation_placer.cc:177] computation placer already registered. Please check linkage and avoid linking the same target more than once.
W0000 00:00:1747448769.129557 3482256 computation_placer.cc:177] computation placer already registered. Please check linkage and avoid linking the same target more than once.
W0000 00:00:1747448769.129562 3482256 computation_placer.cc:177] computation placer already registered. Please check linkage and avoid linking the same target more than once.
W0000 00:00:1747448769.129566 3482256 computation_placer.cc:177] computation placer already registered. Please check linkage and avoid linking the same target more than once.
2025-05-17 09:26:09.135004: I tensorflow/core/platform/cpu_feature_guard.cc:210] This TensorFlow binary is optimized to use available CPU instructions in performance-critical operations.
To enable the following instructions: AVX2 FMA, in other operations, rebuild TensorFlow with the appropriate compiler flags.
INFO:     Started server process [3482256]
INFO:     Waiting for application startup.
INFO:     Application startup complete.
Initializing Google Sheets...
<Worksheet 'Sheet1' id:0>
Google Sheets connection established
Loaded 4 face encodings
INFO:     165.225.231.85:0 - "GET / HTTP/1.1" 200 OK
2025-05-17 09:27:50.543164: E external/local_xla/xla/stream_executor/cuda/cuda_platform.cc:51] failed call to cuInit: INTERNAL: CUDA error: Failed call to cuInit: CUDA_ERROR_NO_DEVICE: no CUDA-capable device is detected
2025-05-17 09:27:50.543239: I external/local_xla/xla/stream_executor/cuda/cuda_diagnostics.cc:167] env: CUDA_VISIBLE_DEVICES="-1"
2025-05-17 09:27:50.543255: I external/local_xla/xla/stream_executor/cuda/cuda_diagnostics.cc:170] CUDA_VISIBLE_DEVICES is set to -1 - this hides all GPUs from CUDA
2025-05-17 09:27:50.543276: I external/local_xla/xla/stream_executor/cuda/cuda_diagnostics.cc:178] verbose logging is disabled. Rerun with verbose logging (usually --v=1 or --vmodule=cuda_diagnostics=1) to get more diagnostic output from this module
2025-05-17 09:27:50.543289: I external/local_xla/xla/stream_executor/cuda/cuda_diagnostics.cc:183] retrieving CUDA diagnostic information for host: springaiPC
2025-05-17 09:27:50.543298: I external/local_xla/xla/stream_executor/cuda/cuda_diagnostics.cc:190] hostname: springaiPC
2025-05-17 09:27:50.543409: I external/local_xla/xla/stream_executor/cuda/cuda_diagnostics.cc:197] libcuda reported version is: 545.29.6
2025-05-17 09:27:50.543458: I external/local_xla/xla/stream_executor/cuda/cuda_diagnostics.cc:201] kernel reported version is: 545.29.6
2025-05-17 09:27:50.543470: I external/local_xla/xla/stream_executor/cuda/cuda_diagnostics.cc:291] kernel version seems to match DSO: 545.29.6
INFO:     165.225.231.85:0 - "POST /checkin HTTP/1.1" 200 OK
INFO:     Shutting down
INFO:     Waiting for application shutdown.
INFO:     Application shutdown complete.
INFO:     Finished server process [3482256]
INFO:     Stopping reloader process [3482254]
INFO:     Will watch for changes in these directories: ['/home/dungspringai/hoangpn/checkin']
INFO:     Uvicorn running on http://0.0.0.0:5016 (Press CTRL+C to quit)
INFO:     Started reloader process [3483700] using StatReload
2025-05-17 09:29:35.858375: I external/local_xla/xla/tsl/cuda/cudart_stub.cc:32] Could not find cuda drivers on your machine, GPU will not be used.
2025-05-17 09:29:35.862895: I external/local_xla/xla/tsl/cuda/cudart_stub.cc:32] Could not find cuda drivers on your machine, GPU will not be used.
2025-05-17 09:29:35.875339: E external/local_xla/xla/stream_executor/cuda/cuda_fft.cc:467] Unable to register cuFFT factory: Attempting to register factory for plugin cuFFT when one has already been registered
WARNING: All log messages before absl::InitializeLog() is called are written to STDERR
E0000 00:00:1747448975.895745 3483702 cuda_dnn.cc:8579] Unable to register cuDNN factory: Attempting to register factory for plugin cuDNN when one has already been registered
E0000 00:00:1747448975.901974 3483702 cuda_blas.cc:1407] Unable to register cuBLAS factory: Attempting to register factory for plugin cuBLAS when one has already been registered
W0000 00:00:1747448975.918540 3483702 computation_placer.cc:177] computation placer already registered. Please check linkage and avoid linking the same target more than once.
W0000 00:00:1747448975.918567 3483702 computation_placer.cc:177] computation placer already registered. Please check linkage and avoid linking the same target more than once.
W0000 00:00:1747448975.918572 3483702 computation_placer.cc:177] computation placer already registered. Please check linkage and avoid linking the same target more than once.
W0000 00:00:1747448975.918576 3483702 computation_placer.cc:177] computation placer already registered. Please check linkage and avoid linking the same target more than once.
2025-05-17 09:29:35.923500: I tensorflow/core/platform/cpu_feature_guard.cc:210] This TensorFlow binary is optimized to use available CPU instructions in performance-critical operations.
To enable the following instructions: AVX2 FMA, in other operations, rebuild TensorFlow with the appropriate compiler flags.
INFO:     Started server process [3483702]
INFO:     Waiting for application startup.
INFO:     Application startup complete.
ERROR:    Traceback (most recent call last):
  File "/home/dungspringai/miniconda3/envs/checkin/lib/python3.10/asyncio/runners.py", line 44, in run
    return loop.run_until_complete(main)
  File "/home/dungspringai/miniconda3/envs/checkin/lib/python3.10/asyncio/base_events.py", line 636, in run_until_complete
    self.run_forever()
  File "/home/dungspringai/miniconda3/envs/checkin/lib/python3.10/asyncio/base_events.py", line 603, in run_forever
    self._run_once()
  File "/home/dungspringai/miniconda3/envs/checkin/lib/python3.10/asyncio/base_events.py", line 1909, in _run_once
    handle._run()
  File "/home/dungspringai/miniconda3/envs/checkin/lib/python3.10/asyncio/events.py", line 80, in _run
    self._context.run(self._callback, *self._args)
  File "/home/dungspringai/miniconda3/envs/checkin/lib/python3.10/site-packages/uvicorn/server.py", line 69, in serve
    with self.capture_signals():
  File "/home/dungspringai/miniconda3/envs/checkin/lib/python3.10/contextlib.py", line 142, in __exit__
    next(self.gen)
  File "/home/dungspringai/miniconda3/envs/checkin/lib/python3.10/site-packages/uvicorn/server.py", line 330, in capture_signals
    signal.raise_signal(captured_signal)
KeyboardInterrupt

During handling of the above exception, another exception occurred:

Traceback (most recent call last):
  File "/home/dungspringai/miniconda3/envs/checkin/lib/python3.10/site-packages/starlette/routing.py", line 699, in lifespan
    await receive()
  File "/home/dungspringai/miniconda3/envs/checkin/lib/python3.10/site-packages/uvicorn/lifespan/on.py", line 137, in receive
    return await self.receive_queue.get()
  File "/home/dungspringai/miniconda3/envs/checkin/lib/python3.10/asyncio/queues.py", line 159, in get
    await getter
asyncio.exceptions.CancelledError

Initializing Google Sheets...
<Worksheet 'Sheet1' id:0>
Google Sheets connection established
Loaded 4 face encodings
INFO:     Stopping reloader process [3483700]
INFO:     Will watch for changes in these directories: ['/home/dungspringai/hoangpn/checkin']
INFO:     Uvicorn running on http://0.0.0.0:5016 (Press CTRL+C to quit)
INFO:     Started reloader process [3484896] using StatReload
2025-05-17 09:33:00.466915: I external/local_xla/xla/tsl/cuda/cudart_stub.cc:32] Could not find cuda drivers on your machine, GPU will not be used.
2025-05-17 09:33:00.471510: I external/local_xla/xla/tsl/cuda/cudart_stub.cc:32] Could not find cuda drivers on your machine, GPU will not be used.
2025-05-17 09:33:00.484247: E external/local_xla/xla/stream_executor/cuda/cuda_fft.cc:467] Unable to register cuFFT factory: Attempting to register factory for plugin cuFFT when one has already been registered
WARNING: All log messages before absl::InitializeLog() is called are written to STDERR
E0000 00:00:1747449180.505155 3484898 cuda_dnn.cc:8579] Unable to register cuDNN factory: Attempting to register factory for plugin cuDNN when one has already been registered
E0000 00:00:1747449180.511445 3484898 cuda_blas.cc:1407] Unable to register cuBLAS factory: Attempting to register factory for plugin cuBLAS when one has already been registered
W0000 00:00:1747449180.528165 3484898 computation_placer.cc:177] computation placer already registered. Please check linkage and avoid linking the same target more than once.
W0000 00:00:1747449180.528190 3484898 computation_placer.cc:177] computation placer already registered. Please check linkage and avoid linking the same target more than once.
W0000 00:00:1747449180.528195 3484898 computation_placer.cc:177] computation placer already registered. Please check linkage and avoid linking the same target more than once.
W0000 00:00:1747449180.528199 3484898 computation_placer.cc:177] computation placer already registered. Please check linkage and avoid linking the same target more than once.
2025-05-17 09:33:00.533276: I tensorflow/core/platform/cpu_feature_guard.cc:210] This TensorFlow binary is optimized to use available CPU instructions in performance-critical operations.
To enable the following instructions: AVX2 FMA, in other operations, rebuild TensorFlow with the appropriate compiler flags.
INFO:     Started server process [3484898]
INFO:     Waiting for application startup.
INFO:     Application startup complete.
ERROR:    Traceback (most recent call last):
  File "/home/dungspringai/miniconda3/envs/checkin/lib/python3.10/asyncio/runners.py", line 44, in run
    return loop.run_until_complete(main)
  File "/home/dungspringai/miniconda3/envs/checkin/lib/python3.10/asyncio/base_events.py", line 636, in run_until_complete
    self.run_forever()
  File "/home/dungspringai/miniconda3/envs/checkin/lib/python3.10/asyncio/base_events.py", line 603, in run_forever
    self._run_once()
  File "/home/dungspringai/miniconda3/envs/checkin/lib/python3.10/asyncio/base_events.py", line 1909, in _run_once
    handle._run()
  File "/home/dungspringai/miniconda3/envs/checkin/lib/python3.10/asyncio/events.py", line 80, in _run
    self._context.run(self._callback, *self._args)
  File "/home/dungspringai/miniconda3/envs/checkin/lib/python3.10/site-packages/uvicorn/server.py", line 69, in serve
    with self.capture_signals():
  File "/home/dungspringai/miniconda3/envs/checkin/lib/python3.10/contextlib.py", line 142, in __exit__
    next(self.gen)
  File "/home/dungspringai/miniconda3/envs/checkin/lib/python3.10/site-packages/uvicorn/server.py", line 330, in capture_signals
    signal.raise_signal(captured_signal)
KeyboardInterrupt

During handling of the above exception, another exception occurred:

Traceback (most recent call last):
  File "/home/dungspringai/miniconda3/envs/checkin/lib/python3.10/site-packages/starlette/routing.py", line 699, in lifespan
    await receive()
  File "/home/dungspringai/miniconda3/envs/checkin/lib/python3.10/site-packages/uvicorn/lifespan/on.py", line 137, in receive
    return await self.receive_queue.get()
  File "/home/dungspringai/miniconda3/envs/checkin/lib/python3.10/asyncio/queues.py", line 159, in get
    await getter
asyncio.exceptions.CancelledError

Initializing Google Sheets...
<Worksheet 'Sheet1' id:0>
Google Sheets connection established
Loaded 4 face encodings
INFO:     Stopping reloader process [3484896]
INFO:     Will watch for changes in these directories: ['/home/dungspringai/hoangpn/checkin']
INFO:     Uvicorn running on http://0.0.0.0:5016 (Press CTRL+C to quit)
INFO:     Started reloader process [3496290] using StatReload
2025-05-17 09:56:08.971343: E external/local_xla/xla/stream_executor/cuda/cuda_fft.cc:467] Unable to register cuFFT factory: Attempting to register factory for plugin cuFFT when one has already been registered
WARNING: All log messages before absl::InitializeLog() is called are written to STDERR
E0000 00:00:1747450568.992599 3496292 cuda_dnn.cc:8579] Unable to register cuDNN factory: Attempting to register factory for plugin cuDNN when one has already been registered
E0000 00:00:1747450568.999055 3496292 cuda_blas.cc:1407] Unable to register cuBLAS factory: Attempting to register factory for plugin cuBLAS when one has already been registered
W0000 00:00:1747450569.016172 3496292 computation_placer.cc:177] computation placer already registered. Please check linkage and avoid linking the same target more than once.
W0000 00:00:1747450569.016198 3496292 computation_placer.cc:177] computation placer already registered. Please check linkage and avoid linking the same target more than once.
W0000 00:00:1747450569.016203 3496292 computation_placer.cc:177] computation placer already registered. Please check linkage and avoid linking the same target more than once.
W0000 00:00:1747450569.016206 3496292 computation_placer.cc:177] computation placer already registered. Please check linkage and avoid linking the same target more than once.
2025-05-17 09:56:09.021126: I tensorflow/core/platform/cpu_feature_guard.cc:210] This TensorFlow binary is optimized to use available CPU instructions in performance-critical operations.
To enable the following instructions: AVX2 FMA, in other operations, rebuild TensorFlow with the appropriate compiler flags.
INFO:     Started server process [3496292]
INFO:     Waiting for application startup.
INFO:     Application startup complete.
INFO:     Stopping reloader process [3496290]
INFO:     Will watch for changes in these directories: ['/home/dungspringai/hoangpn/checkin']
INFO:     Uvicorn running on http://0.0.0.0:5016 (Press CTRL+C to quit)
INFO:     Started reloader process [3522406] using StatReload
2025-05-17 11:16:27.769270: E external/local_xla/xla/stream_executor/cuda/cuda_fft.cc:467] Unable to register cuFFT factory: Attempting to register factory for plugin cuFFT when one has already been registered
WARNING: All log messages before absl::InitializeLog() is called are written to STDERR
E0000 00:00:1747455387.789863 3522408 cuda_dnn.cc:8579] Unable to register cuDNN factory: Attempting to register factory for plugin cuDNN when one has already been registered
E0000 00:00:1747455387.796349 3522408 cuda_blas.cc:1407] Unable to register cuBLAS factory: Attempting to register factory for plugin cuBLAS when one has already been registered
W0000 00:00:1747455387.812670 3522408 computation_placer.cc:177] computation placer already registered. Please check linkage and avoid linking the same target more than once.
W0000 00:00:1747455387.812695 3522408 computation_placer.cc:177] computation placer already registered. Please check linkage and avoid linking the same target more than once.
W0000 00:00:1747455387.812700 3522408 computation_placer.cc:177] computation placer already registered. Please check linkage and avoid linking the same target more than once.
W0000 00:00:1747455387.812704 3522408 computation_placer.cc:177] computation placer already registered. Please check linkage and avoid linking the same target more than once.
2025-05-17 11:16:27.817534: I tensorflow/core/platform/cpu_feature_guard.cc:210] This TensorFlow binary is optimized to use available CPU instructions in performance-critical operations.
To enable the following instructions: AVX2 FMA, in other operations, rebuild TensorFlow with the appropriate compiler flags.
INFO:     Started server process [3522408]
INFO:     Waiting for application startup.
INFO:     Application startup complete.
ERROR:    Traceback (most recent call last):
  File "/home/dungspringai/miniconda3/envs/checkin/lib/python3.10/asyncio/runners.py", line 44, in run
    return loop.run_until_complete(main)
  File "/home/dungspringai/miniconda3/envs/checkin/lib/python3.10/asyncio/base_events.py", line 636, in run_until_complete
    self.run_forever()
  File "/home/dungspringai/miniconda3/envs/checkin/lib/python3.10/asyncio/base_events.py", line 603, in run_forever
    self._run_once()
  File "/home/dungspringai/miniconda3/envs/checkin/lib/python3.10/asyncio/base_events.py", line 1909, in _run_once
    handle._run()
  File "/home/dungspringai/miniconda3/envs/checkin/lib/python3.10/asyncio/events.py", line 80, in _run
    self._context.run(self._callback, *self._args)
  File "/home/dungspringai/miniconda3/envs/checkin/lib/python3.10/site-packages/uvicorn/server.py", line 69, in serve
    with self.capture_signals():
  File "/home/dungspringai/miniconda3/envs/checkin/lib/python3.10/contextlib.py", line 142, in __exit__
    next(self.gen)
  File "/home/dungspringai/miniconda3/envs/checkin/lib/python3.10/site-packages/uvicorn/server.py", line 330, in capture_signals
    signal.raise_signal(captured_signal)
KeyboardInterrupt

During handling of the above exception, another exception occurred:

Traceback (most recent call last):
  File "/home/dungspringai/miniconda3/envs/checkin/lib/python3.10/site-packages/starlette/routing.py", line 699, in lifespan
    await receive()
  File "/home/dungspringai/miniconda3/envs/checkin/lib/python3.10/site-packages/uvicorn/lifespan/on.py", line 137, in receive
    return await self.receive_queue.get()
  File "/home/dungspringai/miniconda3/envs/checkin/lib/python3.10/asyncio/queues.py", line 159, in get
    await getter
asyncio.exceptions.CancelledError

Initializing Google Sheets...
<Worksheet 'Sheet1' id:0>
Google Sheets connection established
Loaded 4 face encodings
INFO:     Stopping reloader process [3522406]
